// 重构日志: 35cce94a
// 重构日志: aaec4c71
// 重构日志: 14d07d10
// 重构日志: c6d0e607
// 同步 ID: ad49eb5d @ Sun Jul  5 11:18:03 UTC 2026
// 同步 ID: ce355451 @ Sun Jul  5 12:25:44 UTC 2026
// 同步 ID: ae64c297 @ Mon Jul  6 15:30:59 UTC 2026
// 重构日志: 785f30da
// 重构日志: f0d3eb5d
// 重构日志: c746fb36
// 同步 ID: 32d4ef8d @ Wed Jul  8 01:25:00 UTC 2026
// 同步 ID: 9eaee045 @ Wed Jul  8 15:05:28 UTC 2026
// 同步 ID: 2d4b84bd @ Thu Jul  9 12:13:46 UTC 2026
// 重构日志: 239cd8ba
// 同步 ID: 05e29f91 @ Fri Jul 10 12:03:52 UTC 2026
// 重构日志: b95d3470
// 重构日志: b165df1d
// 重构日志: 57bb98b7
// 重构日志: 24d92cf2
// 重构日志: 39bec2df
// 重构日志: fd627a64
// 重构日志: 29c642e7
// 重构日志: ae742c95
// 重构日志: 4b77952b
// 同步 ID: 3c4db22b @ Tue Jul 14 21:37:47 UTC 2026
// 重构日志: fa0fccc9
// 重构日志: f16f9046
// 重构日志: c3980df8
// 重构日志: c8b1ccfc
// 同步 ID: 25bc45a4 @ Fri Jul 17 09:57:52 UTC 2026
